<?xml version="1.0" encoding="UTF-8"?>
<testng-results ignored="0" total="1" passed="1" failed="0" skipped="0">
  <reporter-output>
  </reporter-output>
  <suite started-at="2024-06-02T21:43:22 IST" name="Default suite" finished-at="2024-06-02T21:43:26 IST" duration-ms="3529">
    <groups>
    </groups>
    <test started-at="2024-06-02T21:43:22 IST" name="Default test" finished-at="2024-06-02T21:43:26 IST" duration-ms="3529">
      <class name="report.ExtentReport.ExtentReport">
        <test-method is-config="true" signature="confiq()[pri:0, instance:report.ExtentReport.ExtentReport@7d4f9aae]" started-at="2024-06-02T21:43:22 IST" name="confiq" finished-at="2024-06-02T21:43:23 IST" duration-ms="371" status="PASS">
          <reporter-output>
          </reporter-output>
        </test-method> <!-- confiq -->
        <test-method signature="demoMethod()[pri:0, instance:report.ExtentReport.ExtentReport@7d4f9aae]" started-at="2024-06-02T21:43:23 IST" name="demoMethod" finished-at="2024-06-02T21:43:26 IST" duration-ms="3098" status="PASS">
          <reporter-output>
          </reporter-output>
        </test-method> <!-- demoMethod -->
      </class> <!-- report.ExtentReport.ExtentReport -->
    </test> <!-- Default test -->
  </suite> <!-- Default suite -->
</testng-results>
